    Checking codex v0.2.0 (/home/dev/__Active_Code/codex_wrapper_new/crates/codex)
error: unused imports: `Context` and `Poll`
   --> crates/codex/src/lib.rs:104:12
    |
104 |     task::{Context, Poll},
    |            ^^^^^^^  ^^^^
    |
    = note: `-D unused-imports` implied by `-D warnings`
    = help: to override `-D warnings` add `#[allow(unused_imports)]`

error: unused imports: `BufReader`, `BufWriter`, and `fs::OpenOptions`
   --> crates/codex/src/lib.rs:120:5
    |
120 |     fs::OpenOptions,
    |     ^^^^^^^^^^^^^^^
121 |     io::{AsyncBufReadExt, AsyncRead, AsyncReadExt, AsyncWriteExt, BufReader, BufWriter},
    |                                                                   ^^^^^^^^^  ^^^^^^^^^

error: unused imports: `BufWriter` and `fs::OpenOptions`
   --> crates/codex/src/lib.rs:120:5
    |
120 |     fs::OpenOptions,
    |     ^^^^^^^^^^^^^^^
121 |     io::{AsyncBufReadExt, AsyncRead, AsyncReadExt, AsyncWriteExt, BufReader, BufWriter},
    |                                                                              ^^^^^^^^^

error[E0599]: no method named `poll` found for struct `std::pin::Pin<&mut tokio::time::Sleep>` in the current scope
   --> crates/codex/src/jsonl.rs:354:53
    |
354 |             if let Poll::Ready(()) = timer.as_mut().poll(cx) {
    |                                                     ^^^^ method not found in `std::pin::Pin<&mut tokio::time::Sleep>`
   --> /rustc/29483883eed69d5fb4db01964cdf2af4d86e9cb2/library/core/src/future/future.rs:104:8
    |
    = note: the method is available for `std::pin::Pin<&mut tokio::time::Sleep>` here
    |
    = help: items from traits can only be used if the trait is in scope
help: trait `Future` which provides `poll` is implemented but not in scope; perhaps you want to import it
    |
1   + use futures_core::Future;
    |

error[E0599]: no method named `poll` found for struct `std::pin::Pin<&mut tokio::time::Sleep>` in the current scope
   --> crates/codex/src/jsonl.rs:373:65
    |
373 |                         if let Poll::Ready(()) = sleep.as_mut().poll(cx) {
    |                                                                 ^^^^ method not found in `std::pin::Pin<&mut tokio::time::Sleep>`
   --> /rustc/29483883eed69d5fb4db01964cdf2af4d86e9cb2/library/core/src/future/future.rs:104:8
    |
    = note: the method is available for `std::pin::Pin<&mut tokio::time::Sleep>` here
    |
    = help: items from traits can only be used if the trait is in scope
help: trait `Future` which provides `poll` is implemented but not in scope; perhaps you want to import it
    |
1   + use futures_core::Future;
    |

error: unused import: `AsyncBufReadExt`
   --> crates/codex/src/lib.rs:121:10
    |
121 |     io::{AsyncBufReadExt, AsyncRead, AsyncReadExt, AsyncWriteExt, BufReader, BufWriter},
    |          ^^^^^^^^^^^^^^^

For more information about this error, try `rustc --explain E0599`.
error: could not compile `codex` (lib) due to 5 previous errors
warning: build failed, waiting for other jobs to finish...
error: could not compile `codex` (lib test) due to 4 previous errors
