    Checking xtask v0.2.0 (/home/dev/__Active_Code/codex_wrapper_new/crates/xtask)
error[E0364]: `build_parity_exclusions_index` is private, and cannot be re-exported
  --> crates/xtask/src/codex_report/report.rs:21:25
   |
21 | pub(super) use parity::{build_parity_exclusions_index, ParityExclusionsIndex};
   |                         ^^^^^^^^^^^^^^^^^^^^^^^^^^^^^
   |
note: consider marking `build_parity_exclusions_index` as `pub` in the imported module
  --> crates/xtask/src/codex_report/report.rs:21:25
   |
21 | pub(super) use parity::{build_parity_exclusions_index, ParityExclusionsIndex};
   |                         ^^^^^^^^^^^^^^^^^^^^^^^^^^^^^

error[E0365]: `ParityExclusionsIndex` is private, and cannot be re-exported
  --> crates/xtask/src/codex_report/report.rs:21:56
   |
21 | pub(super) use parity::{build_parity_exclusions_index, ParityExclusionsIndex};
   |                                                        ^^^^^^^^^^^^^^^^^^^^^ re-export of private `ParityExclusionsIndex`
   |
   = note: consider declaring type or module `ParityExclusionsIndex` with `pub`

error[E0603]: function import `build_parity_exclusions_index` is private
  --> crates/xtask/src/codex_report.rs:62:22
   |
62 |         .map(report::build_parity_exclusions_index);
   |                      ^^^^^^^^^^^^^^^^^^^^^^^^^^^^^ private function import
   |
note: the function import `build_parity_exclusions_index` is defined here...
  --> crates/xtask/src/codex_report/report.rs:21:25
   |
21 | pub(super) use parity::{build_parity_exclusions_index, ParityExclusionsIndex};
   |                         ^^^^^^^^^^^^^^^^^^^^^^^^^^^^^
note: ...and refers to the function `build_parity_exclusions_index` which is defined here
  --> crates/xtask/src/codex_report/report/parity.rs:12:1
   |
12 | / pub(super) fn build_parity_exclusions_index(
13 | |     exclusions: &RulesParityExclusions,
14 | | ) -> ParityExclusionsIndex {
15 | |     let mut commands = BTreeMap::new();
...  |
43 | | }
   | |_^

Some errors have detailed explanations: E0364, E0365, E0603.
For more information about an error, try `rustc --explain E0364`.
error: could not compile `xtask` (bin "xtask") due to 3 previous errors
warning: build failed, waiting for other jobs to finish...
error: could not compile `xtask` (bin "xtask" test) due to 3 previous errors
